p/7474747474.PNG 1 0 0 66 90
p/757577.PNG 1 0 0 74 87
p/7867867474747.PNG 1 0 0 74 87
p/767867867676.PNG 1 0 0 78 84
p/786786786786786775775.PNG 1 0 0 90 88
p/6786786786786786786.PNG 1 0 0 64 81
p/786786786786786786.PNG 1 0 0 70 92
p/54536786786.PNG 1 0 0 61 88
p/76764453453.PNG 1 0 0 96 102
p/76786786786.PNG 1 0 0 90 107
p/75785786786.PNG 1 0 0 100 111
p/14227.PNG 1 0 0 125 109
p/414217421.PNG 1 0 0 125 109
p/427.PNG 1 0 0 125 109
p/70.PNG 1 0 0 125 109
p/1635606265837.PNG 1 0 0 93 103
p/1635606265838.PNG 1 0 0 93 103
p/1635606265839.PNG 1 0 0 93 103
p/69.PNG 1 0 0 93 103
p/1635606265834.PNG 1 0 0 75 64
p/1635606265835.PNG 1 0 0 75 64
p/1635606265836.PNG 1 0 0 75 64
p/68.PNG 1 0 0 75 64
p/1635606265830.PNG 1 0 0 66 80
p/1635606265831.PNG 1 0 0 66 80
p/1635606265832.PNG 1 0 0 66 80
p/67.PNG 1 0 0 66 80
p/1635606265827.PNG 1 0 0 103 93
p/1635606265828.PNG 1 0 0 103 93
p/1635606265829.PNG 1 0 0 103 93
p/66.PNG 1 0 0 103 93
p/1635606265824.PNG 1 0 0 93 98
p/1635606265825.PNG 1 0 0 93 98
p/1635606265826.PNG 1 0 0 93 98
p/65.PNG 1 0 0 93 98
p/1635606265821.PNG 1 0 0 102 107
p/1635606265822.PNG 1 0 0 102 107
p/1635606265823.PNG 1 0 0 102 107
p/64.PNG 1 0 0 102 107
p/1635606253420.PNG 1 0 0 94 83
p/1635606253421.PNG 1 0 0 94 83
p/1635606265820.PNG 1 0 0 94 83
p/63.PNG 1 0 0 94 83
p/1635606253417.PNG 1 0 0 91 65
p/1635606253418.PNG 1 0 0 91 65
p/1635606253419.PNG 1 0 0 91 65
p/62.PNG 1 0 0 91 65
p/1635606253414.PNG 1 0 0 66 72
p/1635606253415.PNG 1 0 0 66 72
p/1635606253416.PNG 1 0 0 66 72
p/61.PNG 1 0 0 66 72
p/1635606253411.PNG 1 0 0 94 78
p/1635606253412.PNG 1 0 0 94 78
p/1635606253413.PNG 1 0 0 94 78
p/60.PNG 1 0 0 94 78
p/1635606253405.PNG 1 0 0 69 84
p/1635606253406.PNG 1 0 0 69 84
p/1635606253407.PNG 1 0 0 69 84
p/59.PNG 1 0 0 69 84
p/1635606253402.PNG 1 0 0 103 121
p/1635606253403.PNG 1 0 0 103 121
p/1635606253404.PNG 1 0 0 103 121
p/58.PNG 1 0 0 103 121
p/1635606248900.PNG 1 0 0 101 108
p/1635606248901.PNG 1 0 0 101 108
p/1635606248902.PNG 1 0 0 101 108
p/57.PNG 1 0 0 101 108
p/1635606248897.PNG 1 0 0 75 91
p/1635606248898.PNG 1 0 0 75 91
p/1635606248899.PNG 1 0 0 75 91
p/56.PNG 1 0 0 75 91
p/1635606248894.PNG 1 0 0 41 80
p/1635606248895.PNG 1 0 0 41 80
p/1635606248896.PNG 1 0 0 41 80
p/55.PNG 1 0 0 41 80
p/1635606248891.PNG 1 0 0 58 90
p/1635606248892.PNG 1 0 0 58 90
p/1635606248893.PNG 1 0 0 58 90
p/54.PNG 1 0 0 58 90
p/1635606248888.PNG 1 0 0 74 67
p/1635606248889.PNG 1 0 0 74 67
p/1635606248890.PNG 1 0 0 74 67
p/53.PNG 1 0 0 74 67
p/1635606248885.PNG 1 0 0 53 57
p/1635606248886.PNG 1 0 0 53 57
p/1635606248887.PNG 1 0 0 53 57
p/52.PNG 1 0 0 53 57
p/1635606248880.PNG 1 0 0 41 62
p/1635606248881.PNG 1 0 0 41 62
p/1635606248882.PNG 1 0 0 41 62
p/51.PNG 1 0 0 41 62
p/1635606248877.PNG 1 0 0 56 79
p/1635606248878.PNG 1 0 0 56 79
p/1635606248879.PNG 1 0 0 56 79
p/50.PNG 1 0 0 56 79
p/1635606248871.PNG 1 0 0 90 98
p/1635606248872.PNG 1 0 0 90 98
p/1635606248873.PNG 1 0 0 90 98
p/49.PNG 1 0 0 90 98
p/1635606248868.PNG 1 0 0 66 105
p/1635606248869.PNG 1 0 0 66 105
p/1635606248870.PNG 1 0 0 66 105
p/48.PNG 1 0 0 66 105
p/1635606242471.PNG 1 0 0 84 101
p/1635606248866.PNG 1 0 0 84 101
p/1635606248867.PNG 1 0 0 84 101
p/47.PNG 1 0 0 84 101
p/1635606242468.PNG 1 0 0 98 91
p/1635606242469.PNG 1 0 0 98 91
p/1635606242470.PNG 1 0 0 98 91
p/46.PNG 1 0 0 98 91
p/1635606242465.PNG 1 0 0 78 94
p/1635606242466.PNG 1 0 0 78 94
p/1635606242467.PNG 1 0 0 78 94
p/45.PNG 1 0 0 78 94
p/1635606239158.PNG 1 0 0 78 113
p/1635606239159.PNG 1 0 0 78 113
p/1635606239160.PNG 1 0 0 78 113
p/44.PNG 1 0 0 78 113
p/1635606239155.PNG 1 0 0 59 76
p/1635606239156.PNG 1 0 0 59 76
p/1635606239157.PNG 1 0 0 59 76
p/43.PNG 1 0 0 59 76
p/1635606239152.PNG 1 0 0 55 76
p/1635606239153.PNG 1 0 0 55 76
p/1635606239154.PNG 1 0 0 55 76
p/42.PNG 1 0 0 55 76
p/1635606239149.PNG 1 0 0 55 96
p/1635606239150.PNG 1 0 0 55 96
p/1635606239151.PNG 1 0 0 55 96
p/41.PNG 1 0 0 55 96
p/1635606234970.PNG 1 0 0 58 81
p/1635606234971.PNG 1 0 0 58 81
p/1635606239148.PNG 1 0 0 58 81
p/40.PNG 1 0 0 58 81
p/1635606234964.PNG 1 0 0 52 91
p/1635606234965.PNG 1 0 0 52 91
p/1635606234966.PNG 1 0 0 52 91
p/39.PNG 1 0 0 52 91
p/1635606234961.PNG 1 0 0 69 82
p/1635606234962.PNG 1 0 0 69 82
p/1635606234963.PNG 1 0 0 69 82
p/38.PNG 1 0 0 69 82
p/1635606234958.PNG 1 0 0 76 84
p/1635606234959.PNG 1 0 0 76 84
p/1635606234960.PNG 1 0 0 76 84
p/37.PNG 1 0 0 76 84
p/1635606225610.PNG 1 0 0 81 98
p/1635606225611.PNG 1 0 0 81 98
p/1635606234957.PNG 1 0 0 81 98
p/36.PNG 1 0 0 81 98
p/1635606225607.PNG 1 0 0 81 92
p/1635606225608.PNG 1 0 0 81 92
p/1635606225609.PNG 1 0 0 81 92
p/35.PNG 1 0 0 81 92
p/1635606225604.PNG 1 0 0 85 113
p/1635606225605.PNG 1 0 0 85 113
p/1635606225606.PNG 1 0 0 85 113
p/34.PNG 1 0 0 85 113
p/1635606225601.PNG 1 0 0 98 102
p/1635606225602.PNG 1 0 0 98 102
p/1635606225603.PNG 1 0 0 98 102
p/33.PNG 1 0 0 98 102
p/1635606225598.PNG 1 0 0 91 120
p/1635606225599.PNG 1 0 0 91 120
p/1635606225600.PNG 1 0 0 91 120
p/32.PNG 1 0 0 91 120
p/1635606225595.PNG 1 0 0 83 97
p/1635606225596.PNG 1 0 0 83 97
p/1635606225597.PNG 1 0 0 83 97
p/31.PNG 1 0 0 83 97
p/1635606225592.PNG 1 0 0 80 95
p/1635606225593.PNG 1 0 0 80 95
p/1635606225594.PNG 1 0 0 80 95
p/30.PNG 1 0 0 80 95
p/1635606225586.PNG 1 0 0 97 110
p/1635606225587.PNG 1 0 0 97 110
p/1635606225588.PNG 1 0 0 97 110
p/29.PNG 1 0 0 97 110
p/1635606225583.PNG 1 0 0 97 108
p/1635606225584.PNG 1 0 0 97 108
p/1635606225585.PNG 1 0 0 97 108
p/28.PNG 1 0 0 97 108
p/1635606225580.PNG 1 0 0 93 102
p/1635606225581.PNG 1 0 0 93 102
p/1635606225582.PNG 1 0 0 93 102
p/27.PNG 1 0 0 93 102
p/1635606225577.PNG 1 0 0 103 136
p/1635606225578.PNG 1 0 0 103 136
p/1635606225579.PNG 1 0 0 103 136
p/26.PNG 1 0 0 103 136
p/1635606225574.PNG 1 0 0 113 93
p/1635606225575.PNG 1 0 0 113 93
p/1635606225576.PNG 1 0 0 113 93
p/25.PNG 1 0 0 113 93
p/1635606225571.PNG 1 0 0 75 119
p/1635606225572.PNG 1 0 0 75 119
p/1635606225573.PNG 1 0 0 75 119
p/24.PNG 1 0 0 75 119
p/1635606225568.PNG 1 0 0 105 119
p/1635606225569.PNG 1 0 0 105 119
p/1635606225570.PNG 1 0 0 105 119
p/23.PNG 1 0 0 105 119
p/1635606225564.PNG 1 0 0 88 107
p/1635606225565.PNG 1 0 0 88 107
p/1635606225566.PNG 1 0 0 88 107
p/22.PNG 1 0 0 88 107
p/1635606225561.PNG 1 0 0 106 141
p/1635606225562.PNG 1 0 0 106 141
p/1635606225563.PNG 1 0 0 106 141
p/21.PNG 1 0 0 106 141
p/1635606225558.PNG 1 0 0 97 125
p/1635606225559.PNG 1 0 0 97 125
p/1635606225560.PNG 1 0 0 97 125
p/20.PNG 1 0 0 97 125
p/1635606209887.PNG 1 0 0 110 118
p/1635606209888.PNG 1 0 0 110 118
p/1635606209889.PNG 1 0 0 110 118
p/19.PNG 1 0 0 110 118
p/1635606209884.PNG 1 0 0 84 141
p/1635606209885.PNG 1 0 0 84 141
p/1635606209886.PNG 1 0 0 84 141
p/18.PNG 1 0 0 84 141
p/1635606172103.PNG 1 0 0 86 109
p/1635606172104.PNG 1 0 0 86 109
p/1635606209883.PNG 1 0 0 86 109
p/17.PNG 1 0 0 86 109
p/16.PNG 1 0 0 98 105
p/1635606172100.PNG 1 0 0 98 105
p/1635606172101.PNG 1 0 0 98 105
p/1635606172102.PNG 1 0 0 98 105
p/15.PNG 1 0 0 112 126
p/1635606172097.PNG 1 0 0 112 126
p/1635606172098.PNG 1 0 0 112 126
p/1635606172099.PNG 1 0 0 112 126
p/14.PNG 1 0 0 117 116
p/1635606172094.PNG 1 0 0 117 116
p/1635606172095.PNG 1 0 0 117 116
p/1635606172096.PNG 1 0 0 117 116
p/13.PNG 1 0 0 98 116
p/1635606172091.PNG 1 0 0 98 116
p/1635606172092.PNG 1 0 0 98 116
p/1635606172093.PNG 1 0 0 98 116
p/12.PNG 1 0 0 97 125
p/1635606172088.PNG 1 0 0 97 125
p/1635606172089.PNG 1 0 0 97 125
p/1635606172090.PNG 1 0 0 97 125
p/11.PNG 1 0 0 113 165
p/1635606172085.PNG 1 0 0 113 165
p/1635606172086.PNG 1 0 0 113 165
p/1635606172087.PNG 1 0 0 113 165
p/10.PNG 1 0 0 75 131
p/1635606172082.PNG 1 0 0 75 131
p/1635606172083.PNG 1 0 0 75 131
p/1635606172084.PNG 1 0 0 75 131
p/1411.PNG 1 0 0 115 129
p/14777.PNG 1 0 0 115 129
p/42274227.PNG 1 0 0 115 129
p/9.PNG 1 0 0 115 129
p/141.PNG 1 0 0 115 160
p/1414.PNG 1 0 0 115 160
p/41472.PNG 1 0 0 115 160
p/8.PNG 1 0 0 115 160
p/1635606265840.PNG 1 0 0 106 100
p/1635606265841.PNG 1 0 0 106 100
p/7.PNG 1 0 0 106 100
p/77.PNG 1 0 0 106 100
p/1635606253408.PNG 1 0 0 59 115
p/1635606253409.PNG 1 0 0 59 115
p/1635606253410.PNG 1 0 0 59 115
p/6.PNG 1 0 0 59 115
p/1635606248874.PNG 1 0 0 94 99
p/1635606248875.PNG 1 0 0 94 99
p/1635606248876.PNG 1 0 0 94 99
p/5.PNG 1 0 0 94 99
p/1635606234967.PNG 1 0 0 123 112
p/1635606234968.PNG 1 0 0 123 112
p/1635606234969.PNG 1 0 0 123 112
p/4.PNG 1 0 0 123 112
p/1635606225589.PNG 1 0 0 107 105
p/1635606225590.PNG 1 0 0 107 105
p/1635606225591.PNG 1 0 0 107 105
p/3.PNG 1 0 0 107 105
p/1635606209890.PNG 1 0 0 108 110
p/1635606209891.PNG 1 0 0 108 110
p/1635606209892.PNG 1 0 0 108 110
p/2.PNG 1 0 0 108 110
p/1.PNG 1 0 0 135 122
p/1635606172079.PNG 1 0 0 135 122
p/1635606172080.PNG 1 0 0 135 122
p/1635606172081.PNG 1 0 0 135 122